This file contains any messages produced by compilers while
running configure, to aid debugging if configure makes a mistake.

It was created by WASTE configure 1.5, which was
generated by GNU Autoconf 2.61.  Invocation command line was

  $ ./configure 

## --------- ##
## Platform. ##
## --------- ##

hostname = beachball
uname -m = i686
uname -r = 2.6.18-3-686
uname -s = Linux
uname -v = #1 SMP Mon Dec 4 16:41:14 UTC 2006

/usr/bin/uname -p = unknown
/bin/uname -X     = unknown

/bin/arch              = i686
/usr/bin/arch -k       = unknown
/usr/convex/getsysinfo = unknown
/usr/bin/hostinfo      = unknown
/bin/machine           = unknown
/usr/bin/oslevel       = unknown
/bin/universe          = unknown

PATH: /usr/local/sbin
PATH: /usr/local/bin
PATH: /usr/sbin
PATH: /usr/bin
PATH: /sbin
PATH: /bin
PATH: /usr/bin/X11


## ----------- ##
## Core tests. ##
## ----------- ##

configure:1803: checking for a BSD-compatible install
configure:1859: result: /usr/bin/install -c
configure:1870: checking whether build environment is sane
configure:1913: result: yes
configure:1941: checking for a thread-safe mkdir -p
configure:1980: result: /bin/mkdir -p
configure:1993: checking for gawk
configure:2023: result: no
configure:1993: checking for mawk
configure:2009: found /usr/bin/mawk
configure:2020: result: mawk
configure:2031: checking whether make sets $(MAKE)
configure:2052: result: yes
configure:2300: checking for g++
configure:2316: found /usr/bin/g++
configure:2327: result: g++
configure:2358: checking for C++ compiler version
configure:2365: g++ --version >&5
g++ (GCC) 4.1.2 20061115 (prerelease) (Debian 4.1.1-21)
Copyright (C) 2006 Free Software Foundation, Inc.
This is free software; see the source for copying conditions.  There is NO
warranty; not even for MERCHANTABILITY or FITNESS FOR A PARTICULAR PURPOSE.

configure:2368: $? = 0
configure:2375: g++ -v >&5
Using built-in specs.
Target: i486-linux-gnu
Configured with: ../src/configure -v --enable-languages=c,c++,fortran,objc,obj-c++,treelang --prefix=/usr --enable-shared --with-system-zlib --libexecdir=/usr/lib --without-included-gettext --enable-threads=posix --enable-nls --program-suffix=-4.1 --enable-__cxa_atexit --enable-clocale=gnu --enable-libstdcxx-debug --enable-mpfr --with-tune=i686 --enable-checking=release i486-linux-gnu
Thread model: posix
gcc version 4.1.2 20061115 (prerelease) (Debian 4.1.1-21)
configure:2378: $? = 0
configure:2385: g++ -V >&5
g++: '-V' option must have argument
configure:2388: $? = 1
configure:2411: checking for C++ compiler default output file name
configure:2438: g++    conftest.cpp  >&5
configure:2441: $? = 0
configure:2479: result: a.out
configure:2496: checking whether the C++ compiler works
configure:2506: ./a.out
configure:2509: $? = 0
configure:2526: result: yes
configure:2533: checking whether we are cross compiling
configure:2535: result: no
configure:2538: checking for suffix of executables
configure:2545: g++ -o conftest    conftest.cpp  >&5
configure:2548: $? = 0
configure:2572: result: 
configure:2578: checking for suffix of object files
configure:2604: g++ -c   conftest.cpp >&5
configure:2607: $? = 0
configure:2630: result: o
configure:2634: checking whether we are using the GNU C++ compiler
configure:2663: g++ -c   conftest.cpp >&5
configure:2669: $? = 0
configure:2686: result: yes
configure:2691: checking whether g++ accepts -g
configure:2721: g++ -c -g  conftest.cpp >&5
configure:2727: $? = 0
configure:2826: result: yes
configure:2860: checking for style of include used by make
configure:2888: result: GNU
configure:2913: checking dependency style of g++
configure:3004: result: gcc3
configure:3067: checking for gcc
configure:3083: found /usr/bin/gcc
configure:3094: result: gcc
configure:3332: checking for C compiler version
configure:3339: gcc --version >&5
gcc (GCC) 4.1.2 20061115 (prerelease) (Debian 4.1.1-21)
Copyright (C) 2006 Free Software Foundation, Inc.
This is free software; see the source for copying conditions.  There is NO
warranty; not even for MERCHANTABILITY or FITNESS FOR A PARTICULAR PURPOSE.

configure:3342: $? = 0
configure:3349: gcc -v >&5
Using built-in specs.
Target: i486-linux-gnu
Configured with: ../src/configure -v --enable-languages=c,c++,fortran,objc,obj-c++,treelang --prefix=/usr --enable-shared --with-system-zlib --libexecdir=/usr/lib --without-included-gettext --enable-threads=posix --enable-nls --program-suffix=-4.1 --enable-__cxa_atexit --enable-clocale=gnu --enable-libstdcxx-debug --enable-mpfr --with-tune=i686 --enable-checking=release i486-linux-gnu
Thread model: posix
gcc version 4.1.2 20061115 (prerelease) (Debian 4.1.1-21)
configure:3352: $? = 0
configure:3359: gcc -V >&5
gcc: '-V' option must have argument
configure:3362: $? = 1
configure:3365: checking whether we are using the GNU C compiler
configure:3394: gcc -c   conftest.c >&5
configure:3400: $? = 0
configure:3417: result: yes
configure:3422: checking whether gcc accepts -g
configure:3452: gcc -c -g  conftest.c >&5
configure:3458: $? = 0
configure:3557: result: yes
configure:3574: checking for gcc option to accept ISO C89
configure:3648: gcc  -c -g -O2  conftest.c >&5
configure:3654: $? = 0
configure:3677: result: none needed
configure:3697: checking dependency style of gcc
configure:3788: result: gcc3
configure:3816: checking for a BSD-compatible install
configure:3872: result: /usr/bin/install -c
configure:3883: checking whether ln -s works
configure:3887: result: yes
configure:3894: checking whether make sets $(MAKE)
configure:3915: result: yes
configure:3987: checking for wx-config
configure:4006: found /usr/bin/wx-config
configure:4019: result: /usr/bin/wx-config
configure:4034: checking for wxWidgets version >= 2.6.0
configure:4081: result: yes (version 2.6.3)
configure:4085: checking for wxWidgets static library
configure:4089: result: no
configure:4186: checking for dirent.h that defines DIR
configure:4215: gcc -c -g -O2 -I/usr/lib/wx/include/gtk2-unicode-release-2.6 -I/usr/include/wx-2.6 -DGTK_NO_CHECK_CASTS -D__WXGTK__ -D_FILE_OFFSET_BITS=64 -D_LARGE_FILES -D_LARGEFILE_SOURCE=1 -DNO_GCC_PRAGMA  -D_DEFINE_WXUI  conftest.c >&5
configure:4221: $? = 0
configure:4237: result: yes
configure:4250: checking for library containing opendir
configure:4291: gcc -o conftest -g -O2 -I/usr/lib/wx/include/gtk2-unicode-release-2.6 -I/usr/include/wx-2.6 -DGTK_NO_CHECK_CASTS -D__WXGTK__ -D_FILE_OFFSET_BITS=64 -D_LARGE_FILES -D_LARGEFILE_SOURCE=1 -DNO_GCC_PRAGMA  -D_DEFINE_WXUI   conftest.c  >&5
configure:4297: $? = 0
configure:4325: result: none required
configure:4424: checking how to run the C preprocessor
configure:4464: gcc -E  conftest.c
configure:4470: $? = 0
configure:4501: gcc -E  conftest.c
conftest.c:11:28: error: ac_nonexistent.h: No such file or directory
configure:4507: $? = 1
configure: failed program was:
| /* confdefs.h.  */
| #define PACKAGE_NAME "WASTE"
| #define PACKAGE_TARNAME "waste"
| #define PACKAGE_VERSION "1.5"
| #define PACKAGE_STRING "WASTE 1.5"
| #define PACKAGE_BUGREPORT ""
| #define PACKAGE "waste"
| #define VERSION "1.5"
| #define HAVE_DIRENT_H 1
| /* end confdefs.h.  */
| #include <ac_nonexistent.h>
configure:4540: result: gcc -E
configure:4569: gcc -E  conftest.c
configure:4575: $? = 0
configure:4606: gcc -E  conftest.c
conftest.c:11:28: error: ac_nonexistent.h: No such file or directory
configure:4612: $? = 1
configure: failed program was:
| /* confdefs.h.  */
| #define PACKAGE_NAME "WASTE"
| #define PACKAGE_TARNAME "waste"
| #define PACKAGE_VERSION "1.5"
| #define PACKAGE_STRING "WASTE 1.5"
| #define PACKAGE_BUGREPORT ""
| #define PACKAGE "waste"
| #define VERSION "1.5"
| #define HAVE_DIRENT_H 1
| /* end confdefs.h.  */
| #include <ac_nonexistent.h>
configure:4650: checking for grep that handles long lines and -e
configure:4724: result: /bin/grep
configure:4729: checking for egrep
configure:4807: result: /bin/grep -E
configure:4812: checking for ANSI C header files
configure:4842: gcc -c -g -O2 -I/usr/lib/wx/include/gtk2-unicode-release-2.6 -I/usr/include/wx-2.6 -DGTK_NO_CHECK_CASTS -D__WXGTK__ -D_FILE_OFFSET_BITS=64 -D_LARGE_FILES -D_LARGEFILE_SOURCE=1 -DNO_GCC_PRAGMA  -D_DEFINE_WXUI  conftest.c >&5
configure:4848: $? = 0
configure:4947: gcc -o conftest -g -O2 -I/usr/lib/wx/include/gtk2-unicode-release-2.6 -I/usr/include/wx-2.6 -DGTK_NO_CHECK_CASTS -D__WXGTK__ -D_FILE_OFFSET_BITS=64 -D_LARGE_FILES -D_LARGEFILE_SOURCE=1 -DNO_GCC_PRAGMA  -D_DEFINE_WXUI   conftest.c  >&5
configure:4950: $? = 0
configure:4956: ./conftest
configure:4959: $? = 0
configure:4976: result: yes
configure:5000: checking for sys/types.h
configure:5021: gcc -c -g -O2 -I/usr/lib/wx/include/gtk2-unicode-release-2.6 -I/usr/include/wx-2.6 -DGTK_NO_CHECK_CASTS -D__WXGTK__ -D_FILE_OFFSET_BITS=64 -D_LARGE_FILES -D_LARGEFILE_SOURCE=1 -DNO_GCC_PRAGMA  -D_DEFINE_WXUI  conftest.c >&5
configure:5027: $? = 0
configure:5043: result: yes
configure:5000: checking for sys/stat.h
configure:5021: gcc -c -g -O2 -I/usr/lib/wx/include/gtk2-unicode-release-2.6 -I/usr/include/wx-2.6 -DGTK_NO_CHECK_CASTS -D__WXGTK__ -D_FILE_OFFSET_BITS=64 -D_LARGE_FILES -D_LARGEFILE_SOURCE=1 -DNO_GCC_PRAGMA  -D_DEFINE_WXUI  conftest.c >&5
configure:5027: $? = 0
configure:5043: result: yes
configure:5000: checking for stdlib.h
configure:5021: gcc -c -g -O2 -I/usr/lib/wx/include/gtk2-unicode-release-2.6 -I/usr/include/wx-2.6 -DGTK_NO_CHECK_CASTS -D__WXGTK__ -D_FILE_OFFSET_BITS=64 -D_LARGE_FILES -D_LARGEFILE_SOURCE=1 -DNO_GCC_PRAGMA  -D_DEFINE_WXUI  conftest.c >&5
configure:5027: $? = 0
configure:5043: result: yes
configure:5000: checking for string.h
configure:5021: gcc -c -g -O2 -I/usr/lib/wx/include/gtk2-unicode-release-2.6 -I/usr/include/wx-2.6 -DGTK_NO_CHECK_CASTS -D__WXGTK__ -D_FILE_OFFSET_BITS=64 -D_LARGE_FILES -D_LARGEFILE_SOURCE=1 -DNO_GCC_PRAGMA  -D_DEFINE_WXUI  conftest.c >&5
configure:5027: $? = 0
configure:5043: result: yes
configure:5000: checking for memory.h
configure:5021: gcc -c -g -O2 -I/usr/lib/wx/include/gtk2-unicode-release-2.6 -I/usr/include/wx-2.6 -DGTK_NO_CHECK_CASTS -D__WXGTK__ -D_FILE_OFFSET_BITS=64 -D_LARGE_FILES -D_LARGEFILE_SOURCE=1 -DNO_GCC_PRAGMA  -D_DEFINE_WXUI  conftest.c >&5
configure:5027: $? = 0
configure:5043: result: yes
configure:5000: checking for strings.h
configure:5021: gcc -c -g -O2 -I/usr/lib/wx/include/gtk2-unicode-release-2.6 -I/usr/include/wx-2.6 -DGTK_NO_CHECK_CASTS -D__WXGTK__ -D_FILE_OFFSET_BITS=64 -D_LARGE_FILES -D_LARGEFILE_SOURCE=1 -DNO_GCC_PRAGMA  -D_DEFINE_WXUI  conftest.c >&5
configure:5027: $? = 0
configure:5043: result: yes
configure:5000: checking for inttypes.h
configure:5021: gcc -c -g -O2 -I/usr/lib/wx/include/gtk2-unicode-release-2.6 -I/usr/include/wx-2.6 -DGTK_NO_CHECK_CASTS -D__WXGTK__ -D_FILE_OFFSET_BITS=64 -D_LARGE_FILES -D_LARGEFILE_SOURCE=1 -DNO_GCC_PRAGMA  -D_DEFINE_WXUI  conftest.c >&5
configure:5027: $? = 0
configure:5043: result: yes
configure:5000: checking for stdint.h
configure:5021: gcc -c -g -O2 -I/usr/lib/wx/include/gtk2-unicode-release-2.6 -I/usr/include/wx-2.6 -DGTK_NO_CHECK_CASTS -D__WXGTK__ -D_FILE_OFFSET_BITS=64 -D_LARGE_FILES -D_LARGEFILE_SOURCE=1 -DNO_GCC_PRAGMA  -D_DEFINE_WXUI  conftest.c >&5
configure:5027: $? = 0
configure:5043: result: yes
configure:5000: checking for unistd.h
configure:5021: gcc -c -g -O2 -I/usr/lib/wx/include/gtk2-unicode-release-2.6 -I/usr/include/wx-2.6 -DGTK_NO_CHECK_CASTS -D__WXGTK__ -D_FILE_OFFSET_BITS=64 -D_LARGE_FILES -D_LARGEFILE_SOURCE=1 -DNO_GCC_PRAGMA  -D_DEFINE_WXUI  conftest.c >&5
configure:5027: $? = 0
configure:5043: result: yes
configure:5078: checking arpa/inet.h usability
configure:5095: gcc -c -g -O2 -I/usr/lib/wx/include/gtk2-unicode-release-2.6 -I/usr/include/wx-2.6 -DGTK_NO_CHECK_CASTS -D__WXGTK__ -D_FILE_OFFSET_BITS=64 -D_LARGE_FILES -D_LARGEFILE_SOURCE=1 -DNO_GCC_PRAGMA  -D_DEFINE_WXUI  conftest.c >&5
configure:5101: $? = 0
configure:5115: result: yes
configure:5119: checking arpa/inet.h presence
configure:5134: gcc -E  conftest.c
configure:5140: $? = 0
configure:5154: result: yes
configure:5182: checking for arpa/inet.h
configure:5190: result: yes
configure:5078: checking fcntl.h usability
configure:5095: gcc -c -g -O2 -I/usr/lib/wx/include/gtk2-unicode-release-2.6 -I/usr/include/wx-2.6 -DGTK_NO_CHECK_CASTS -D__WXGTK__ -D_FILE_OFFSET_BITS=64 -D_LARGE_FILES -D_LARGEFILE_SOURCE=1 -DNO_GCC_PRAGMA  -D_DEFINE_WXUI  conftest.c >&5
configure:5101: $? = 0
configure:5115: result: yes
configure:5119: checking fcntl.h presence
configure:5134: gcc -E  conftest.c
configure:5140: $? = 0
configure:5154: result: yes
configure:5182: checking for fcntl.h
configure:5190: result: yes
configure:5078: checking netdb.h usability
configure:5095: gcc -c -g -O2 -I/usr/lib/wx/include/gtk2-unicode-release-2.6 -I/usr/include/wx-2.6 -DGTK_NO_CHECK_CASTS -D__WXGTK__ -D_FILE_OFFSET_BITS=64 -D_LARGE_FILES -D_LARGEFILE_SOURCE=1 -DNO_GCC_PRAGMA  -D_DEFINE_WXUI  conftest.c >&5
configure:5101: $? = 0
configure:5115: result: yes
configure:5119: checking netdb.h presence
configure:5134: gcc -E  conftest.c
configure:5140: $? = 0
configure:5154: result: yes
configure:5182: checking for netdb.h
configure:5190: result: yes
configure:5078: checking netinet/in.h usability
configure:5095: gcc -c -g -O2 -I/usr/lib/wx/include/gtk2-unicode-release-2.6 -I/usr/include/wx-2.6 -DGTK_NO_CHECK_CASTS -D__WXGTK__ -D_FILE_OFFSET_BITS=64 -D_LARGE_FILES -D_LARGEFILE_SOURCE=1 -DNO_GCC_PRAGMA  -D_DEFINE_WXUI  conftest.c >&5
configure:5101: $? = 0
configure:5115: result: yes
configure:5119: checking netinet/in.h presence
configure:5134: gcc -E  conftest.c
configure:5140: $? = 0
configure:5154: result: yes
configure:5182: checking for netinet/in.h
configure:5190: result: yes
configure:5068: checking for stdlib.h
configure:5074: result: yes
configure:5068: checking for string.h
configure:5074: result: yes
configure:5078: checking sys/socket.h usability
configure:5095: gcc -c -g -O2 -I/usr/lib/wx/include/gtk2-unicode-release-2.6 -I/usr/include/wx-2.6 -DGTK_NO_CHECK_CASTS -D__WXGTK__ -D_FILE_OFFSET_BITS=64 -D_LARGE_FILES -D_LARGEFILE_SOURCE=1 -DNO_GCC_PRAGMA  -D_DEFINE_WXUI  conftest.c >&5
configure:5101: $? = 0
configure:5115: result: yes
configure:5119: checking sys/socket.h presence
configure:5134: gcc -E  conftest.c
configure:5140: $? = 0
configure:5154: result: yes
configure:5182: checking for sys/socket.h
configure:5190: result: yes
configure:5078: checking sys/time.h usability
configure:5095: gcc -c -g -O2 -I/usr/lib/wx/include/gtk2-unicode-release-2.6 -I/usr/include/wx-2.6 -DGTK_NO_CHECK_CASTS -D__WXGTK__ -D_FILE_OFFSET_BITS=64 -D_LARGE_FILES -D_LARGEFILE_SOURCE=1 -DNO_GCC_PRAGMA  -D_DEFINE_WXUI  conftest.c >&5
configure:5101: $? = 0
configure:5115: result: yes
configure:5119: checking sys/time.h presence
configure:5134: gcc -E  conftest.c
configure:5140: $? = 0
configure:5154: result: yes
configure:5182: checking for sys/time.h
configure:5190: result: yes
configure:5068: checking for unistd.h
configure:5074: result: yes
configure:5205: checking for stdbool.h that conforms to C99
configure:5298: gcc -c -g -O2 -I/usr/lib/wx/include/gtk2-unicode-release-2.6 -I/usr/include/wx-2.6 -DGTK_NO_CHECK_CASTS -D__WXGTK__ -D_FILE_OFFSET_BITS=64 -D_LARGE_FILES -D_LARGEFILE_SOURCE=1 -DNO_GCC_PRAGMA  -D_DEFINE_WXUI  conftest.c >&5
configure:5304: $? = 0
configure:5319: result: yes
configure:5321: checking for _Bool
configure:5351: gcc -c -g -O2 -I/usr/lib/wx/include/gtk2-unicode-release-2.6 -I/usr/include/wx-2.6 -DGTK_NO_CHECK_CASTS -D__WXGTK__ -D_FILE_OFFSET_BITS=64 -D_LARGE_FILES -D_LARGEFILE_SOURCE=1 -DNO_GCC_PRAGMA  -D_DEFINE_WXUI  conftest.c >&5
configure:5357: $? = 0
configure:5372: result: yes
configure:5391: checking for an ANSI C-conforming const
configure:5466: gcc -c -g -O2 -I/usr/lib/wx/include/gtk2-unicode-release-2.6 -I/usr/include/wx-2.6 -DGTK_NO_CHECK_CASTS -D__WXGTK__ -D_FILE_OFFSET_BITS=64 -D_LARGE_FILES -D_LARGEFILE_SOURCE=1 -DNO_GCC_PRAGMA  -D_DEFINE_WXUI  conftest.c >&5
configure:5472: $? = 0
configure:5487: result: yes
configure:5497: checking for inline
configure:5523: gcc -c -g -O2 -I/usr/lib/wx/include/gtk2-unicode-release-2.6 -I/usr/include/wx-2.6 -DGTK_NO_CHECK_CASTS -D__WXGTK__ -D_FILE_OFFSET_BITS=64 -D_LARGE_FILES -D_LARGEFILE_SOURCE=1 -DNO_GCC_PRAGMA  -D_DEFINE_WXUI  conftest.c >&5
configure:5529: $? = 0
configure:5547: result: inline
configure:5566: checking for size_t
configure:5596: gcc -c -g -O2 -I/usr/lib/wx/include/gtk2-unicode-release-2.6 -I/usr/include/wx-2.6 -DGTK_NO_CHECK_CASTS -D__WXGTK__ -D_FILE_OFFSET_BITS=64 -D_LARGE_FILES -D_LARGEFILE_SOURCE=1 -DNO_GCC_PRAGMA  -D_DEFINE_WXUI  conftest.c >&5
configure:5602: $? = 0
configure:5617: result: yes
configure:5629: checking for __int64
configure:5659: gcc -c -g -O2 -I/usr/lib/wx/include/gtk2-unicode-release-2.6 -I/usr/include/wx-2.6 -DGTK_NO_CHECK_CASTS -D__WXGTK__ -D_FILE_OFFSET_BITS=64 -D_LARGE_FILES -D_LARGEFILE_SOURCE=1 -DNO_GCC_PRAGMA  -D_DEFINE_WXUI  conftest.c >&5
conftest.c:65: error: expected '=', ',', ';', 'asm' or '__attribute__' before 'ac__type_new_'
conftest.c: In function 'main':
conftest.c:69: error: 'ac__type_new_' undeclared (first use in this function)
conftest.c:69: error: (Each undeclared identifier is reported only once
conftest.c:69: error: for each function it appears in.)
conftest.c:69: error: expected expression before ')' token
configure:5665: $? = 1
configure: failed program was:
| /* confdefs.h.  */
| #define PACKAGE_NAME "WASTE"
| #define PACKAGE_TARNAME "waste"
| #define PACKAGE_VERSION "1.5"
| #define PACKAGE_STRING "WASTE 1.5"
| #define PACKAGE_BUGREPORT ""
| #define PACKAGE "waste"
| #define VERSION "1.5"
| #define HAVE_DIRENT_H 1
| #define STDC_HEADERS 1
| #define HAVE_SYS_TYPES_H 1
| #define HAVE_SYS_STAT_H 1
| #define HAVE_STDLIB_H 1
| #define HAVE_STRING_H 1
| #define HAVE_MEMORY_H 1
| #define HAVE_STRINGS_H 1
| #define HAVE_INTTYPES_H 1
| #define HAVE_STDINT_H 1
| #define HAVE_UNISTD_H 1
| #define HAVE_ARPA_INET_H 1
| #define HAVE_FCNTL_H 1
| #define HAVE_NETDB_H 1
| #define HAVE_NETINET_IN_H 1
| #define HAVE_STDLIB_H 1
| #define HAVE_STRING_H 1
| #define HAVE_SYS_SOCKET_H 1
| #define HAVE_SYS_TIME_H 1
| #define HAVE_UNISTD_H 1
| #define HAVE__BOOL 1
| #define HAVE_STDBOOL_H 1
| /* end confdefs.h.  */
| #include <stdio.h>
| #ifdef HAVE_SYS_TYPES_H
| # include <sys/types.h>
| #endif
| #ifdef HAVE_SYS_STAT_H
| # include <sys/stat.h>
| #endif
| #ifdef STDC_HEADERS
| # include <stdlib.h>
| # include <stddef.h>
| #else
| # ifdef HAVE_STDLIB_H
| #  include <stdlib.h>
| # endif
| #endif
| #ifdef HAVE_STRING_H
| # if !defined STDC_HEADERS && defined HAVE_MEMORY_H
| #  include <memory.h>
| # endif
| # include <string.h>
| #endif
| #ifdef HAVE_STRINGS_H
| # include <strings.h>
| #endif
| #ifdef HAVE_INTTYPES_H
| # include <inttypes.h>
| #endif
| #ifdef HAVE_STDINT_H
| # include <stdint.h>
| #endif
| #ifdef HAVE_UNISTD_H
| # include <unistd.h>
| #endif
| typedef __int64 ac__type_new_;
| int
| main ()
| {
| if ((ac__type_new_ *) 0)
|   return 0;
| if (sizeof (ac__type_new_))
|   return 0;
|   ;
|   return 0;
| }
configure:5680: result: no
configure:5692: checking whether time.h and sys/time.h may both be included
configure:5722: gcc -c -g -O2 -I/usr/lib/wx/include/gtk2-unicode-release-2.6 -I/usr/include/wx-2.6 -DGTK_NO_CHECK_CASTS -D__WXGTK__ -D_FILE_OFFSET_BITS=64 -D_LARGE_FILES -D_LARGEFILE_SOURCE=1 -DNO_GCC_PRAGMA  -D_DEFINE_WXUI  conftest.c >&5
configure:5728: $? = 0
configure:5743: result: yes
configure:5753: checking whether struct tm is in sys/time.h or time.h
configure:5783: gcc -c -g -O2 -I/usr/lib/wx/include/gtk2-unicode-release-2.6 -I/usr/include/wx-2.6 -DGTK_NO_CHECK_CASTS -D__WXGTK__ -D_FILE_OFFSET_BITS=64 -D_LARGE_FILES -D_LARGEFILE_SOURCE=1 -DNO_GCC_PRAGMA  -D_DEFINE_WXUI  conftest.c >&5
configure:5789: $? = 0
configure:5804: result: time.h
configure:5814: checking for working volatile
configure:5843: gcc -c -g -O2 -I/usr/lib/wx/include/gtk2-unicode-release-2.6 -I/usr/include/wx-2.6 -DGTK_NO_CHECK_CASTS -D__WXGTK__ -D_FILE_OFFSET_BITS=64 -D_LARGE_FILES -D_LARGEFILE_SOURCE=1 -DNO_GCC_PRAGMA  -D_DEFINE_WXUI  conftest.c >&5
configure:5849: $? = 0
configure:5864: result: yes
configure:5876: checking whether closedir returns void
configure:5910: gcc -o conftest -g -O2 -I/usr/lib/wx/include/gtk2-unicode-release-2.6 -I/usr/include/wx-2.6 -DGTK_NO_CHECK_CASTS -D__WXGTK__ -D_FILE_OFFSET_BITS=64 -D_LARGE_FILES -D_LARGEFILE_SOURCE=1 -DNO_GCC_PRAGMA  -D_DEFINE_WXUI   conftest.c  >&5
configure:5913: $? = 0
configure:5919: ./conftest
configure:5922: $? = 0
configure:5938: result: no
configure:5948: checking for error_at_line
configure:5974: gcc -o conftest -g -O2 -I/usr/lib/wx/include/gtk2-unicode-release-2.6 -I/usr/include/wx-2.6 -DGTK_NO_CHECK_CASTS -D__WXGTK__ -D_FILE_OFFSET_BITS=64 -D_LARGE_FILES -D_LARGEFILE_SOURCE=1 -DNO_GCC_PRAGMA  -D_DEFINE_WXUI   conftest.c  >&5
configure:5980: $? = 0
configure:5997: result: yes
configure:6013: checking for stdlib.h
configure:6019: result: yes
configure:6148: checking for GNU libc compatible malloc
configure:6182: gcc -o conftest -g -O2 -I/usr/lib/wx/include/gtk2-unicode-release-2.6 -I/usr/include/wx-2.6 -DGTK_NO_CHECK_CASTS -D__WXGTK__ -D_FILE_OFFSET_BITS=64 -D_LARGE_FILES -D_LARGEFILE_SOURCE=1 -DNO_GCC_PRAGMA  -D_DEFINE_WXUI   conftest.c  >&5
configure:6185: $? = 0
configure:6191: ./conftest
configure:6194: $? = 0
configure:6210: result: yes
configure:6238: checking for working memcmp
configure:6291: gcc -o conftest -g -O2 -I/usr/lib/wx/include/gtk2-unicode-release-2.6 -I/usr/include/wx-2.6 -DGTK_NO_CHECK_CASTS -D__WXGTK__ -D_FILE_OFFSET_BITS=64 -D_LARGE_FILES -D_LARGEFILE_SOURCE=1 -DNO_GCC_PRAGMA  -D_DEFINE_WXUI   conftest.c  >&5
configure:6294: $? = 0
configure:6300: ./conftest
configure:6303: $? = 0
configure:6319: result: yes
configure:6333: checking for stdlib.h
configure:6339: result: yes
configure:6468: checking for GNU libc compatible realloc
configure:6502: gcc -o conftest -g -O2 -I/usr/lib/wx/include/gtk2-unicode-release-2.6 -I/usr/include/wx-2.6 -DGTK_NO_CHECK_CASTS -D__WXGTK__ -D_FILE_OFFSET_BITS=64 -D_LARGE_FILES -D_LARGEFILE_SOURCE=1 -DNO_GCC_PRAGMA  -D_DEFINE_WXUI   conftest.c  >&5
configure:6505: $? = 0
configure:6511: ./conftest
configure:6514: $? = 0
configure:6530: result: yes
configure:6574: checking sys/select.h usability
configure:6591: gcc -c -g -O2 -I/usr/lib/wx/include/gtk2-unicode-release-2.6 -I/usr/include/wx-2.6 -DGTK_NO_CHECK_CASTS -D__WXGTK__ -D_FILE_OFFSET_BITS=64 -D_LARGE_FILES -D_LARGEFILE_SOURCE=1 -DNO_GCC_PRAGMA  -D_DEFINE_WXUI  conftest.c >&5
configure:6597: $? = 0
configure:6611: result: yes
configure:6615: checking sys/select.h presence
configure:6630: gcc -E  conftest.c
configure:6636: $? = 0
configure:6650: result: yes
configure:6678: checking for sys/select.h
configure:6686: result: yes
configure:6564: checking for sys/socket.h
configure:6570: result: yes
configure:6699: checking types of arguments for select
configure:6737: gcc -c -g -O2 -I/usr/lib/wx/include/gtk2-unicode-release-2.6 -I/usr/include/wx-2.6 -DGTK_NO_CHECK_CASTS -D__WXGTK__ -D_FILE_OFFSET_BITS=64 -D_LARGE_FILES -D_LARGEFILE_SOURCE=1 -DNO_GCC_PRAGMA  -D_DEFINE_WXUI  conftest.c >&5
configure:6743: $? = 0
configure:6764: result: int,fd_set *,struct timeval *
configure:6787: checking return type of signal handlers
configure:6815: gcc -c -g -O2 -I/usr/lib/wx/include/gtk2-unicode-release-2.6 -I/usr/include/wx-2.6 -DGTK_NO_CHECK_CASTS -D__WXGTK__ -D_FILE_OFFSET_BITS=64 -D_LARGE_FILES -D_LARGEFILE_SOURCE=1 -DNO_GCC_PRAGMA  -D_DEFINE_WXUI  conftest.c >&5
conftest.c: In function 'main':
conftest.c:49: error: void value not ignored as it ought to be
configure:6821: $? = 1
configure: failed program was:
| /* confdefs.h.  */
| #define PACKAGE_NAME "WASTE"
| #define PACKAGE_TARNAME "waste"
| #define PACKAGE_VERSION "1.5"
| #define PACKAGE_STRING "WASTE 1.5"
| #define PACKAGE_BUGREPORT ""
| #define PACKAGE "waste"
| #define VERSION "1.5"
| #define HAVE_DIRENT_H 1
| #define STDC_HEADERS 1
| #define HAVE_SYS_TYPES_H 1
| #define HAVE_SYS_STAT_H 1
| #define HAVE_STDLIB_H 1
| #define HAVE_STRING_H 1
| #define HAVE_MEMORY_H 1
| #define HAVE_STRINGS_H 1
| #define HAVE_INTTYPES_H 1
| #define HAVE_STDINT_H 1
| #define HAVE_UNISTD_H 1
| #define HAVE_ARPA_INET_H 1
| #define HAVE_FCNTL_H 1
| #define HAVE_NETDB_H 1
| #define HAVE_NETINET_IN_H 1
| #define HAVE_STDLIB_H 1
| #define HAVE_STRING_H 1
| #define HAVE_SYS_SOCKET_H 1
| #define HAVE_SYS_TIME_H 1
| #define HAVE_UNISTD_H 1
| #define HAVE__BOOL 1
| #define HAVE_STDBOOL_H 1
| #define __int64 int64_t
| #define TIME_WITH_SYS_TIME 1
| #define HAVE_STDLIB_H 1
| #define HAVE_MALLOC 1
| #define HAVE_STDLIB_H 1
| #define HAVE_REALLOC 1
| #define HAVE_SYS_SELECT_H 1
| #define HAVE_SYS_SOCKET_H 1
| #define SELECT_TYPE_ARG1 int
| #define SELECT_TYPE_ARG234 (fd_set *)
| #define SELECT_TYPE_ARG5 (struct timeval *)
| /* end confdefs.h.  */
| #include <sys/types.h>
| #include <signal.h>
| 
| int
| main ()
| {
| return *(signal (0, 0)) (0) == 1;
|   ;
|   return 0;
| }
configure:6836: result: void
configure:6844: checking whether lstat dereferences a symlink specified with a trailing slash
configure:6880: gcc -o conftest -g -O2 -I/usr/lib/wx/include/gtk2-unicode-release-2.6 -I/usr/include/wx-2.6 -DGTK_NO_CHECK_CASTS -D__WXGTK__ -D_FILE_OFFSET_BITS=64 -D_LARGE_FILES -D_LARGEFILE_SOURCE=1 -DNO_GCC_PRAGMA  -D_DEFINE_WXUI   conftest.c  >&5
configure:6883: $? = 0
configure:6889: ./conftest
configure:6892: $? = 0
configure:6915: result: yes
configure:6934: checking whether stat accepts an empty string
configure:6964: gcc -o conftest -g -O2 -I/usr/lib/wx/include/gtk2-unicode-release-2.6 -I/usr/include/wx-2.6 -DGTK_NO_CHECK_CASTS -D__WXGTK__ -D_FILE_OFFSET_BITS=64 -D_LARGE_FILES -D_LARGEFILE_SOURCE=1 -DNO_GCC_PRAGMA  -D_DEFINE_WXUI   conftest.c  >&5
configure:6967: $? = 0
configure:6973: ./conftest
configure:6976: $? = 0
configure:6992: result: no
configure:7021: checking for gethostbyname
configure:7077: gcc -o conftest -g -O2 -I/usr/lib/wx/include/gtk2-unicode-release-2.6 -I/usr/include/wx-2.6 -DGTK_NO_CHECK_CASTS -D__WXGTK__ -D_FILE_OFFSET_BITS=64 -D_LARGE_FILES -D_LARGEFILE_SOURCE=1 -DNO_GCC_PRAGMA  -D_DEFINE_WXUI   conftest.c  >&5
configure:7083: $? = 0
configure:7101: result: yes
configure:7021: checking for gettimeofday
configure:7077: gcc -o conftest -g -O2 -I/usr/lib/wx/include/gtk2-unicode-release-2.6 -I/usr/include/wx-2.6 -DGTK_NO_CHECK_CASTS -D__WXGTK__ -D_FILE_OFFSET_BITS=64 -D_LARGE_FILES -D_LARGEFILE_SOURCE=1 -DNO_GCC_PRAGMA  -D_DEFINE_WXUI   conftest.c  >&5
configure:7083: $? = 0
configure:7101: result: yes
configure:7021: checking for inet_ntoa
configure:7077: gcc -o conftest -g -O2 -I/usr/lib/wx/include/gtk2-unicode-release-2.6 -I/usr/include/wx-2.6 -DGTK_NO_CHECK_CASTS -D__WXGTK__ -D_FILE_OFFSET_BITS=64 -D_LARGE_FILES -D_LARGEFILE_SOURCE=1 -DNO_GCC_PRAGMA  -D_DEFINE_WXUI   conftest.c  >&5
configure:7083: $? = 0
configure:7101: result: yes
configure:7021: checking for memset
configure:7077: gcc -o conftest -g -O2 -I/usr/lib/wx/include/gtk2-unicode-release-2.6 -I/usr/include/wx-2.6 -DGTK_NO_CHECK_CASTS -D__WXGTK__ -D_FILE_OFFSET_BITS=64 -D_LARGE_FILES -D_LARGEFILE_SOURCE=1 -DNO_GCC_PRAGMA  -D_DEFINE_WXUI   conftest.c  >&5
conftest.c:71: warning: conflicting types for built-in function 'memset'
configure:7083: $? = 0
configure:7101: result: yes
configure:7021: checking for mkdir
configure:7077: gcc -o conftest -g -O2 -I/usr/lib/wx/include/gtk2-unicode-release-2.6 -I/usr/include/wx-2.6 -DGTK_NO_CHECK_CASTS -D__WXGTK__ -D_FILE_OFFSET_BITS=64 -D_LARGE_FILES -D_LARGEFILE_SOURCE=1 -DNO_GCC_PRAGMA  -D_DEFINE_WXUI   conftest.c  >&5
configure:7083: $? = 0
configure:7101: result: yes
configure:7021: checking for select
configure:7077: gcc -o conftest -g -O2 -I/usr/lib/wx/include/gtk2-unicode-release-2.6 -I/usr/include/wx-2.6 -DGTK_NO_CHECK_CASTS -D__WXGTK__ -D_FILE_OFFSET_BITS=64 -D_LARGE_FILES -D_LARGEFILE_SOURCE=1 -DNO_GCC_PRAGMA  -D_DEFINE_WXUI   conftest.c  >&5
configure:7083: $? = 0
configure:7101: result: yes
configure:7021: checking for socket
configure:7077: gcc -o conftest -g -O2 -I/usr/lib/wx/include/gtk2-unicode-release-2.6 -I/usr/include/wx-2.6 -DGTK_NO_CHECK_CASTS -D__WXGTK__ -D_FILE_OFFSET_BITS=64 -D_LARGE_FILES -D_LARGEFILE_SOURCE=1 -DNO_GCC_PRAGMA  -D_DEFINE_WXUI   conftest.c  >&5
configure:7083: $? = 0
configure:7101: result: yes
configure:7021: checking for strdup
configure:7077: gcc -o conftest -g -O2 -I/usr/lib/wx/include/gtk2-unicode-release-2.6 -I/usr/include/wx-2.6 -DGTK_NO_CHECK_CASTS -D__WXGTK__ -D_FILE_OFFSET_BITS=64 -D_LARGE_FILES -D_LARGEFILE_SOURCE=1 -DNO_GCC_PRAGMA  -D_DEFINE_WXUI   conftest.c  >&5
conftest.c:75: warning: conflicting types for built-in function 'strdup'
configure:7083: $? = 0
configure:7101: result: yes
configure:7021: checking for strrchr
configure:7077: gcc -o conftest -g -O2 -I/usr/lib/wx/include/gtk2-unicode-release-2.6 -I/usr/include/wx-2.6 -DGTK_NO_CHECK_CASTS -D__WXGTK__ -D_FILE_OFFSET_BITS=64 -D_LARGE_FILES -D_LARGEFILE_SOURCE=1 -DNO_GCC_PRAGMA  -D_DEFINE_WXUI   conftest.c  >&5
conftest.c:76: warning: conflicting types for built-in function 'strrchr'
configure:7083: $? = 0
configure:7101: result: yes
configure:7021: checking for strstr
configure:7077: gcc -o conftest -g -O2 -I/usr/lib/wx/include/gtk2-unicode-release-2.6 -I/usr/include/wx-2.6 -DGTK_NO_CHECK_CASTS -D__WXGTK__ -D_FILE_OFFSET_BITS=64 -D_LARGE_FILES -D_LARGEFILE_SOURCE=1 -DNO_GCC_PRAGMA  -D_DEFINE_WXUI   conftest.c  >&5
conftest.c:77: warning: conflicting types for built-in function 'strstr'
configure:7083: $? = 0
configure:7101: result: yes
configure:7235: creating ./config.status

## ---------------------- ##
## Running config.status. ##
## ---------------------- ##

This file was extended by WASTE config.status 1.5, which was
generated by GNU Autoconf 2.61.  Invocation command line was

  CONFIG_FILES    = 
  CONFIG_HEADERS  = 
  CONFIG_LINKS    = 
  CONFIG_COMMANDS = 
  $ ./config.status 

on beachball

config.status:649: creating Makefile
config.status:649: creating config.h
config.status:918: config.h is unchanged
config.status:964: executing depfiles commands

## ---------------- ##
## Cache variables. ##
## ---------------- ##

ac_cv_c_compiler_gnu=yes
ac_cv_c_const=yes
ac_cv_c_inline=inline
ac_cv_c_volatile=yes
ac_cv_cxx_compiler_gnu=yes
ac_cv_env_CCC_set=
ac_cv_env_CCC_value=
ac_cv_env_CC_set=
ac_cv_env_CC_value=
ac_cv_env_CFLAGS_set=
ac_cv_env_CFLAGS_value=
ac_cv_env_CPPFLAGS_set=
ac_cv_env_CPPFLAGS_value=
ac_cv_env_CPP_set=
ac_cv_env_CPP_value=
ac_cv_env_CXXFLAGS_set=
ac_cv_env_CXXFLAGS_value=
ac_cv_env_CXX_set=
ac_cv_env_CXX_value=
ac_cv_env_LDFLAGS_set=
ac_cv_env_LDFLAGS_value=
ac_cv_env_LIBS_set=
ac_cv_env_LIBS_value=
ac_cv_env_build_alias_set=
ac_cv_env_build_alias_value=
ac_cv_env_host_alias_set=
ac_cv_env_host_alias_value=
ac_cv_env_target_alias_set=
ac_cv_env_target_alias_value=
ac_cv_func_closedir_void=no
ac_cv_func_gethostbyname=yes
ac_cv_func_gettimeofday=yes
ac_cv_func_inet_ntoa=yes
ac_cv_func_lstat_dereferences_slashed_symlink=yes
ac_cv_func_malloc_0_nonnull=yes
ac_cv_func_memcmp_working=yes
ac_cv_func_memset=yes
ac_cv_func_mkdir=yes
ac_cv_func_realloc_0_nonnull=yes
ac_cv_func_select=yes
ac_cv_func_select_args='int,fd_set *,struct timeval *'
ac_cv_func_socket=yes
ac_cv_func_stat_empty_string_bug=no
ac_cv_func_strdup=yes
ac_cv_func_strrchr=yes
ac_cv_func_strstr=yes
ac_cv_header_arpa_inet_h=yes
ac_cv_header_dirent_dirent_h=yes
ac_cv_header_fcntl_h=yes
ac_cv_header_inttypes_h=yes
ac_cv_header_memory_h=yes
ac_cv_header_netdb_h=yes
ac_cv_header_netinet_in_h=yes
ac_cv_header_stdbool_h=yes
ac_cv_header_stdc=yes
ac_cv_header_stdint_h=yes
ac_cv_header_stdlib_h=yes
ac_cv_header_string_h=yes
ac_cv_header_strings_h=yes
ac_cv_header_sys_select_h=yes
ac_cv_header_sys_socket_h=yes
ac_cv_header_sys_stat_h=yes
ac_cv_header_sys_time_h=yes
ac_cv_header_sys_types_h=yes
ac_cv_header_time=yes
ac_cv_header_unistd_h=yes
ac_cv_lib_error_at_line=yes
ac_cv_objext=o
ac_cv_path_EGREP='/bin/grep -E'
ac_cv_path_GREP=/bin/grep
ac_cv_path_WX_CONFIG_PATH=/usr/bin/wx-config
ac_cv_path_install='/usr/bin/install -c'
ac_cv_path_mkdir=/bin/mkdir
ac_cv_prog_AWK=mawk
ac_cv_prog_CPP='gcc -E'
ac_cv_prog_ac_ct_CC=gcc
ac_cv_prog_ac_ct_CXX=g++
ac_cv_prog_cc_c89=
ac_cv_prog_cc_g=yes
ac_cv_prog_cxx_g=yes
ac_cv_prog_make_make_set=yes
ac_cv_search_opendir='none required'
ac_cv_struct_tm=time.h
ac_cv_type__Bool=yes
ac_cv_type___int64=no
ac_cv_type_signal=void
ac_cv_type_size_t=yes
am_cv_CC_dependencies_compiler_type=gcc3
am_cv_CXX_dependencies_compiler_type=gcc3

## ----------------- ##
## Output variables. ##
## ----------------- ##

ACLOCAL='${SHELL} /home/eharmon/waste/missing --run aclocal-1.10'
AMDEPBACKSLASH='\'
AMDEP_FALSE='#'
AMDEP_TRUE=''
AMTAR='${SHELL} /home/eharmon/waste/missing --run tar'
AUTOCONF='${SHELL} /home/eharmon/waste/missing --run autoconf'
AUTOHEADER='${SHELL} /home/eharmon/waste/missing --run autoheader'
AUTOMAKE='${SHELL} /home/eharmon/waste/missing --run automake-1.10'
AWK='mawk'
CC='gcc'
CCDEPMODE='depmode=gcc3'
CFLAGS='-g -O2 -I/usr/lib/wx/include/gtk2-unicode-release-2.6 -I/usr/include/wx-2.6 -DGTK_NO_CHECK_CASTS -D__WXGTK__ -D_FILE_OFFSET_BITS=64 -D_LARGE_FILES -D_LARGEFILE_SOURCE=1 -DNO_GCC_PRAGMA  -D_DEFINE_WXUI'
CPP='gcc -E'
CPPFLAGS=''
CXX='g++'
CXXDEPMODE='depmode=gcc3'
CXXFLAGS='-g -O2 -I/usr/lib/wx/include/gtk2-unicode-release-2.6 -I/usr/include/wx-2.6 -DGTK_NO_CHECK_CASTS -D__WXGTK__ -D_FILE_OFFSET_BITS=64 -D_LARGE_FILES -D_LARGEFILE_SOURCE=1 -DNO_GCC_PRAGMA   -D_DEFINE_WXUI'
CYGPATH_W='echo'
DEFS='-DHAVE_CONFIG_H'
DEPDIR='.deps'
ECHO_C=''
ECHO_N='-n'
ECHO_T=''
EGREP='/bin/grep -E'
EXEEXT=''
GREP='/bin/grep'
INSTALL_DATA='${INSTALL} -m 644'
INSTALL_PROGRAM='${INSTALL}'
INSTALL_SCRIPT='${INSTALL}'
INSTALL_STRIP_PROGRAM='$(install_sh) -c -s'
LDFLAGS=''
LIBOBJS=''
LIBS=''
LN_S='ln -s'
LTLIBOBJS=''
MAKEINFO='${SHELL} /home/eharmon/waste/missing --run makeinfo'
OBJEXT='o'
PACKAGE='waste'
PACKAGE_BUGREPORT=''
PACKAGE_NAME='WASTE'
PACKAGE_STRING='WASTE 1.5'
PACKAGE_TARNAME='waste'
PACKAGE_VERSION='1.5'
PATH_SEPARATOR=':'
SET_MAKE=''
SHELL='/bin/sh'
STRIP=''
VERSION='1.5'
WX_CFLAGS='-I/usr/lib/wx/include/gtk2-unicode-release-2.6 -I/usr/include/wx-2.6 -DGTK_NO_CHECK_CASTS -D__WXGTK__ -D_FILE_OFFSET_BITS=64 -D_LARGE_FILES -D_LARGEFILE_SOURCE=1 -DNO_GCC_PRAGMA '
WX_CFLAGS_ONLY=''
WX_CONFIG_PATH='/usr/bin/wx-config'
WX_CPPFLAGS='-I/usr/lib/wx/include/gtk2-unicode-release-2.6 -I/usr/include/wx-2.6 -DGTK_NO_CHECK_CASTS -D__WXGTK__ -D_FILE_OFFSET_BITS=64 -D_LARGE_FILES -D_LARGEFILE_SOURCE=1 -DNO_GCC_PRAGMA'
WX_CXXFLAGS='-I/usr/lib/wx/include/gtk2-unicode-release-2.6 -I/usr/include/wx-2.6 -DGTK_NO_CHECK_CASTS -D__WXGTK__ -D_FILE_OFFSET_BITS=64 -D_LARGE_FILES -D_LARGEFILE_SOURCE=1 -DNO_GCC_PRAGMA  '
WX_CXXFLAGS_ONLY='-I/usr/lib/wx/include/gtk2-unicode-release-2.6 -I/usr/include/wx-2.6 -DGTK_NO_CHECK_CASTS -D__WXGTK__ -D_FILE_OFFSET_BITS=64 -D_LARGE_FILES -D_LARGEFILE_SOURCE=1 -DNO_GCC_PRAGMA'
WX_LIBS='-pthread   -lwx_gtk2u_xrc-2.6 -lwx_gtk2u_qa-2.6 -lwx_gtk2u_html-2.6 -lwx_gtk2u_adv-2.6 -lwx_gtk2u_core-2.6 -lwx_baseu_xml-2.6 -lwx_baseu_net-2.6 -lwx_baseu-2.6 '
WX_LIBS_STATIC=''
WX_VERSION='2.6.3'
ac_ct_CC='gcc'
ac_ct_CXX='g++'
am__fastdepCC_FALSE='#'
am__fastdepCC_TRUE=''
am__fastdepCXX_FALSE='#'
am__fastdepCXX_TRUE=''
am__include='include'
am__isrc=''
am__leading_dot='.'
am__quote=''
am__tar='${AMTAR} chof - "$$tardir"'
am__untar='${AMTAR} xf -'
bindir='${exec_prefix}/bin'
build_alias=''
datadir='${datarootdir}'
datarootdir='${prefix}/share'
docdir='${datarootdir}/doc/${PACKAGE_TARNAME}'
dvidir='${docdir}'
exec_prefix='${prefix}'
host_alias=''
htmldir='${docdir}'
includedir='${prefix}/include'
infodir='${datarootdir}/info'
install_sh='$(SHELL) /home/eharmon/waste/install-sh'
libdir='${exec_prefix}/lib'
libexecdir='${exec_prefix}/libexec'
localedir='${datarootdir}/locale'
localstatedir='${prefix}/var'
mandir='${datarootdir}/man'
mkdir_p='/bin/mkdir -p'
oldincludedir='/usr/include'
pdfdir='${docdir}'
prefix='/usr/local'
program_transform_name='s,x,x,'
psdir='${docdir}'
sbindir='${exec_prefix}/sbin'
sharedstatedir='${prefix}/com'
sysconfdir='${prefix}/etc'
target_alias=''

## ----------- ##
## confdefs.h. ##
## ----------- ##

#define PACKAGE_NAME "WASTE"
#define PACKAGE_TARNAME "waste"
#define PACKAGE_VERSION "1.5"
#define PACKAGE_STRING "WASTE 1.5"
#define PACKAGE_BUGREPORT ""
#define PACKAGE "waste"
#define VERSION "1.5"
#define HAVE_DIRENT_H 1
#define STDC_HEADERS 1
#define HAVE_SYS_TYPES_H 1
#define HAVE_SYS_STAT_H 1
#define HAVE_STDLIB_H 1
#define HAVE_STRING_H 1
#define HAVE_MEMORY_H 1
#define HAVE_STRINGS_H 1
#define HAVE_INTTYPES_H 1
#define HAVE_STDINT_H 1
#define HAVE_UNISTD_H 1
#define HAVE_ARPA_INET_H 1
#define HAVE_FCNTL_H 1
#define HAVE_NETDB_H 1
#define HAVE_NETINET_IN_H 1
#define HAVE_STDLIB_H 1
#define HAVE_STRING_H 1
#define HAVE_SYS_SOCKET_H 1
#define HAVE_SYS_TIME_H 1
#define HAVE_UNISTD_H 1
#define HAVE__BOOL 1
#define HAVE_STDBOOL_H 1
#define __int64 int64_t
#define TIME_WITH_SYS_TIME 1
#define HAVE_STDLIB_H 1
#define HAVE_MALLOC 1
#define HAVE_STDLIB_H 1
#define HAVE_REALLOC 1
#define HAVE_SYS_SELECT_H 1
#define HAVE_SYS_SOCKET_H 1
#define SELECT_TYPE_ARG1 int
#define SELECT_TYPE_ARG234 (fd_set *)
#define SELECT_TYPE_ARG5 (struct timeval *)
#define RETSIGTYPE void
#define LSTAT_FOLLOWS_SLASHED_SYMLINK 1
#define HAVE_GETHOSTBYNAME 1
#define HAVE_GETTIMEOFDAY 1
#define HAVE_INET_NTOA 1
#define HAVE_MEMSET 1
#define HAVE_MKDIR 1
#define HAVE_SELECT 1
#define HAVE_SOCKET 1
#define HAVE_STRDUP 1
#define HAVE_STRRCHR 1
#define HAVE_STRSTR 1

configure: exit 0
